C:\USERS\KRISTIANSENG\DOCUMENTS\VISUAL STUDIO 2012\PROJECTS\PIDLANDER\PIDLANDER\DEBUG\MAIN.OBJ
C:\USERS\KRISTIANSENG\DOCUMENTS\VISUAL STUDIO 2012\PROJECTS\PIDLANDER\PIDLANDER\DEBUG\VC110.PDB
C:\USERS\KRISTIANSENG\DOCUMENTS\VISUAL STUDIO 2012\PROJECTS\PIDLANDER\DEBUG\PIDLANDER.ILK
C:\USERS\KRISTIANSENG\DOCUMENTS\VISUAL STUDIO 2012\PROJECTS\PIDLANDER\DEBUG\PIDLANDER.EXE
C:\USERS\KRISTIANSENG\DOCUMENTS\VISUAL STUDIO 2012\PROJECTS\PIDLANDER\DEBUG\PIDLANDER.PDB
C:\Users\kristianseng\Documents\Visual Studio 2012\Projects\PIDLander\PIDLander\Debug\main.obj
C:\Users\kristianseng\Documents\Visual Studio 2012\Projects\PIDLander\PIDLander\Debug\cl.command.1.tlog
C:\Users\kristianseng\Documents\Visual Studio 2012\Projects\PIDLander\PIDLander\Debug\CL.read.1.tlog
C:\Users\kristianseng\Documents\Visual Studio 2012\Projects\PIDLander\PIDLander\Debug\CL.write.1.tlog
C:\Users\kristianseng\Documents\Visual Studio 2012\Projects\PIDLander\PIDLander\Debug\link-cvtres.read.1.tlog
C:\Users\kristianseng\Documents\Visual Studio 2012\Projects\PIDLander\PIDLander\Debug\link-cvtres.write.1.tlog
C:\Users\kristianseng\Documents\Visual Studio 2012\Projects\PIDLander\PIDLander\Debug\link-rc.read.1.tlog
C:\Users\kristianseng\Documents\Visual Studio 2012\Projects\PIDLander\PIDLander\Debug\link-rc.write.1.tlog
C:\Users\kristianseng\Documents\Visual Studio 2012\Projects\PIDLander\PIDLander\Debug\link.1080-cvtres.read.1.tlog
C:\Users\kristianseng\Documents\Visual Studio 2012\Projects\PIDLander\PIDLander\Debug\link.1080-cvtres.write.1.tlog
C:\Users\kristianseng\Documents\Visual Studio 2012\Projects\PIDLander\PIDLander\Debug\link.1080-rc.read.1.tlog
C:\Users\kristianseng\Documents\Visual Studio 2012\Projects\PIDLander\PIDLander\Debug\link.1080-rc.write.1.tlog
C:\Users\kristianseng\Documents\Visual Studio 2012\Projects\PIDLander\PIDLander\Debug\link.1080.read.1.tlog
C:\Users\kristianseng\Documents\Visual Studio 2012\Projects\PIDLander\PIDLander\Debug\link.1080.write.1.tlog
C:\Users\kristianseng\Documents\Visual Studio 2012\Projects\PIDLander\PIDLander\Debug\link.1084-cvtres.read.1.tlog
C:\Users\kristianseng\Documents\Visual Studio 2012\Projects\PIDLander\PIDLander\Debug\link.1084-cvtres.write.1.tlog
C:\Users\kristianseng\Documents\Visual Studio 2012\Projects\PIDLander\PIDLander\Debug\link.1084-rc.read.1.tlog
C:\Users\kristianseng\Documents\Visual Studio 2012\Projects\PIDLander\PIDLander\Debug\link.1084-rc.write.1.tlog
C:\Users\kristianseng\Documents\Visual Studio 2012\Projects\PIDLander\PIDLander\Debug\link.1084.read.1.tlog
C:\Users\kristianseng\Documents\Visual Studio 2012\Projects\PIDLander\PIDLander\Debug\link.1084.write.1.tlog
C:\Users\kristianseng\Documents\Visual Studio 2012\Projects\PIDLander\PIDLander\Debug\link.1148-cvtres.read.1.tlog
C:\Users\kristianseng\Documents\Visual Studio 2012\Projects\PIDLander\PIDLander\Debug\link.1148-cvtres.write.1.tlog
C:\Users\kristianseng\Documents\Visual Studio 2012\Projects\PIDLander\PIDLander\Debug\link.1148-rc.read.1.tlog
C:\Users\kristianseng\Documents\Visual Studio 2012\Projects\PIDLander\PIDLander\Debug\link.1148-rc.write.1.tlog
C:\Users\kristianseng\Documents\Visual Studio 2012\Projects\PIDLander\PIDLander\Debug\link.1148.read.1.tlog
C:\Users\kristianseng\Documents\Visual Studio 2012\Projects\PIDLander\PIDLander\Debug\link.1148.write.1.tlog
C:\Users\kristianseng\Documents\Visual Studio 2012\Projects\PIDLander\PIDLander\Debug\link.1228-cvtres.read.1.tlog
C:\Users\kristianseng\Documents\Visual Studio 2012\Projects\PIDLander\PIDLander\Debug\link.1228-cvtres.write.1.tlog
C:\Users\kristianseng\Documents\Visual Studio 2012\Projects\PIDLander\PIDLander\Debug\link.1228-rc.read.1.tlog
C:\Users\kristianseng\Documents\Visual Studio 2012\Projects\PIDLander\PIDLander\Debug\link.1228-rc.write.1.tlog
C:\Users\kristianseng\Documents\Visual Studio 2012\Projects\PIDLander\PIDLander\Debug\link.1228.read.1.tlog
C:\Users\kristianseng\Documents\Visual Studio 2012\Projects\PIDLander\PIDLander\Debug\link.1228.write.1.tlog
C:\Users\kristianseng\Documents\Visual Studio 2012\Projects\PIDLander\PIDLander\Debug\link.1344-cvtres.read.1.tlog
C:\Users\kristianseng\Documents\Visual Studio 2012\Projects\PIDLander\PIDLander\Debug\link.1344-cvtres.write.1.tlog
C:\Users\kristianseng\Documents\Visual Studio 2012\Projects\PIDLander\PIDLander\Debug\link.1344-rc.read.1.tlog
C:\Users\kristianseng\Documents\Visual Studio 2012\Projects\PIDLander\PIDLander\Debug\link.1344-rc.write.1.tlog
C:\Users\kristianseng\Documents\Visual Studio 2012\Projects\PIDLander\PIDLander\Debug\link.1344.read.1.tlog
C:\Users\kristianseng\Documents\Visual Studio 2012\Projects\PIDLander\PIDLander\Debug\link.1344.write.1.tlog
C:\Users\kristianseng\Documents\Visual Studio 2012\Projects\PIDLander\PIDLander\Debug\link.1400-cvtres.read.1.tlog
C:\Users\kristianseng\Documents\Visual Studio 2012\Projects\PIDLander\PIDLander\Debug\link.1400-cvtres.write.1.tlog
C:\Users\kristianseng\Documents\Visual Studio 2012\Projects\PIDLander\PIDLander\Debug\link.1400-rc.read.1.tlog
C:\Users\kristianseng\Documents\Visual Studio 2012\Projects\PIDLander\PIDLander\Debug\link.1400-rc.write.1.tlog
C:\Users\kristianseng\Documents\Visual Studio 2012\Projects\PIDLander\PIDLander\Debug\link.1400.read.1.tlog
C:\Users\kristianseng\Documents\Visual Studio 2012\Projects\PIDLander\PIDLander\Debug\link.1400.write.1.tlog
C:\Users\kristianseng\Documents\Visual Studio 2012\Projects\PIDLander\PIDLander\Debug\link.1464-cvtres.read.1.tlog
C:\Users\kristianseng\Documents\Visual Studio 2012\Projects\PIDLander\PIDLander\Debug\link.1464-cvtres.write.1.tlog
C:\Users\kristianseng\Documents\Visual Studio 2012\Projects\PIDLander\PIDLander\Debug\link.1464-rc.read.1.tlog
C:\Users\kristianseng\Documents\Visual Studio 2012\Projects\PIDLander\PIDLander\Debug\link.1464-rc.write.1.tlog
C:\Users\kristianseng\Documents\Visual Studio 2012\Projects\PIDLander\PIDLander\Debug\link.1464.read.1.tlog
C:\Users\kristianseng\Documents\Visual Studio 2012\Projects\PIDLander\PIDLander\Debug\link.1464.write.1.tlog
C:\Users\kristianseng\Documents\Visual Studio 2012\Projects\PIDLander\PIDLander\Debug\link.1528-cvtres.read.1.tlog
C:\Users\kristianseng\Documents\Visual Studio 2012\Projects\PIDLander\PIDLander\Debug\link.1528-cvtres.write.1.tlog
C:\Users\kristianseng\Documents\Visual Studio 2012\Projects\PIDLander\PIDLander\Debug\link.1528-rc.read.1.tlog
C:\Users\kristianseng\Documents\Visual Studio 2012\Projects\PIDLander\PIDLander\Debug\link.1528-rc.write.1.tlog
C:\Users\kristianseng\Documents\Visual Studio 2012\Projects\PIDLander\PIDLander\Debug\link.1528.read.1.tlog
C:\Users\kristianseng\Documents\Visual Studio 2012\Projects\PIDLander\PIDLander\Debug\link.1528.write.1.tlog
C:\Users\kristianseng\Documents\Visual Studio 2012\Projects\PIDLander\PIDLander\Debug\link.168-cvtres.read.1.tlog
C:\Users\kristianseng\Documents\Visual Studio 2012\Projects\PIDLander\PIDLander\Debug\link.168-cvtres.write.1.tlog
C:\Users\kristianseng\Documents\Visual Studio 2012\Projects\PIDLander\PIDLander\Debug\link.168-rc.read.1.tlog
C:\Users\kristianseng\Documents\Visual Studio 2012\Projects\PIDLander\PIDLander\Debug\link.168-rc.write.1.tlog
C:\Users\kristianseng\Documents\Visual Studio 2012\Projects\PIDLander\PIDLander\Debug\link.168.read.1.tlog
C:\Users\kristianseng\Documents\Visual Studio 2012\Projects\PIDLander\PIDLander\Debug\link.168.write.1.tlog
C:\Users\kristianseng\Documents\Visual Studio 2012\Projects\PIDLander\PIDLander\Debug\link.1732-cvtres.read.1.tlog
C:\Users\kristianseng\Documents\Visual Studio 2012\Projects\PIDLander\PIDLander\Debug\link.1732-cvtres.write.1.tlog
C:\Users\kristianseng\Documents\Visual Studio 2012\Projects\PIDLander\PIDLander\Debug\link.1732-rc.read.1.tlog
C:\Users\kristianseng\Documents\Visual Studio 2012\Projects\PIDLander\PIDLander\Debug\link.1732-rc.write.1.tlog
C:\Users\kristianseng\Documents\Visual Studio 2012\Projects\PIDLander\PIDLander\Debug\link.1732.read.1.tlog
C:\Users\kristianseng\Documents\Visual Studio 2012\Projects\PIDLander\PIDLander\Debug\link.1732.write.1.tlog
C:\Users\kristianseng\Documents\Visual Studio 2012\Projects\PIDLander\PIDLander\Debug\link.1752-cvtres.read.1.tlog
C:\Users\kristianseng\Documents\Visual Studio 2012\Projects\PIDLander\PIDLander\Debug\link.1752-cvtres.write.1.tlog
C:\Users\kristianseng\Documents\Visual Studio 2012\Projects\PIDLander\PIDLander\Debug\link.1752-rc.read.1.tlog
C:\Users\kristianseng\Documents\Visual Studio 2012\Projects\PIDLander\PIDLander\Debug\link.1752-rc.write.1.tlog
C:\Users\kristianseng\Documents\Visual Studio 2012\Projects\PIDLander\PIDLander\Debug\link.1752.read.1.tlog
C:\Users\kristianseng\Documents\Visual Studio 2012\Projects\PIDLander\PIDLander\Debug\link.1752.write.1.tlog
C:\Users\kristianseng\Documents\Visual Studio 2012\Projects\PIDLander\PIDLander\Debug\link.1808-cvtres.read.1.tlog
C:\Users\kristianseng\Documents\Visual Studio 2012\Projects\PIDLander\PIDLander\Debug\link.1808-cvtres.write.1.tlog
C:\Users\kristianseng\Documents\Visual Studio 2012\Projects\PIDLander\PIDLander\Debug\link.1808-rc.read.1.tlog
C:\Users\kristianseng\Documents\Visual Studio 2012\Projects\PIDLander\PIDLander\Debug\link.1808-rc.write.1.tlog
C:\Users\kristianseng\Documents\Visual Studio 2012\Projects\PIDLander\PIDLander\Debug\link.1808.read.1.tlog
C:\Users\kristianseng\Documents\Visual Studio 2012\Projects\PIDLander\PIDLander\Debug\link.1808.write.1.tlog
C:\Users\kristianseng\Documents\Visual Studio 2012\Projects\PIDLander\PIDLander\Debug\link.1968-cvtres.read.1.tlog
C:\Users\kristianseng\Documents\Visual Studio 2012\Projects\PIDLander\PIDLander\Debug\link.1968-cvtres.write.1.tlog
C:\Users\kristianseng\Documents\Visual Studio 2012\Projects\PIDLander\PIDLander\Debug\link.1968-rc.read.1.tlog
C:\Users\kristianseng\Documents\Visual Studio 2012\Projects\PIDLander\PIDLander\Debug\link.1968-rc.write.1.tlog
C:\Users\kristianseng\Documents\Visual Studio 2012\Projects\PIDLander\PIDLander\Debug\link.1968.read.1.tlog
C:\Users\kristianseng\Documents\Visual Studio 2012\Projects\PIDLander\PIDLander\Debug\link.1968.write.1.tlog
C:\Users\kristianseng\Documents\Visual Studio 2012\Projects\PIDLander\PIDLander\Debug\link.2016-cvtres.read.1.tlog
C:\Users\kristianseng\Documents\Visual Studio 2012\Projects\PIDLander\PIDLander\Debug\link.2016-cvtres.write.1.tlog
C:\Users\kristianseng\Documents\Visual Studio 2012\Projects\PIDLander\PIDLander\Debug\link.2016-rc.read.1.tlog
C:\Users\kristianseng\Documents\Visual Studio 2012\Projects\PIDLander\PIDLander\Debug\link.2016-rc.write.1.tlog
C:\Users\kristianseng\Documents\Visual Studio 2012\Projects\PIDLander\PIDLander\Debug\link.2016.read.1.tlog
C:\Users\kristianseng\Documents\Visual Studio 2012\Projects\PIDLander\PIDLander\Debug\link.2016.write.1.tlog
C:\Users\kristianseng\Documents\Visual Studio 2012\Projects\PIDLander\PIDLander\Debug\link.2040-cvtres.read.1.tlog
C:\Users\kristianseng\Documents\Visual Studio 2012\Projects\PIDLander\PIDLander\Debug\link.2040-cvtres.write.1.tlog
C:\Users\kristianseng\Documents\Visual Studio 2012\Projects\PIDLander\PIDLander\Debug\link.2040-rc.read.1.tlog
C:\Users\kristianseng\Documents\Visual Studio 2012\Projects\PIDLander\PIDLander\Debug\link.2040-rc.write.1.tlog
C:\Users\kristianseng\Documents\Visual Studio 2012\Projects\PIDLander\PIDLander\Debug\link.2040.read.1.tlog
C:\Users\kristianseng\Documents\Visual Studio 2012\Projects\PIDLander\PIDLander\Debug\link.2040.write.1.tlog
C:\Users\kristianseng\Documents\Visual Studio 2012\Projects\PIDLander\PIDLander\Debug\link.2044-cvtres.read.1.tlog
C:\Users\kristianseng\Documents\Visual Studio 2012\Projects\PIDLander\PIDLander\Debug\link.2044-cvtres.write.1.tlog
C:\Users\kristianseng\Documents\Visual Studio 2012\Projects\PIDLander\PIDLander\Debug\link.2044-rc.read.1.tlog
C:\Users\kristianseng\Documents\Visual Studio 2012\Projects\PIDLander\PIDLander\Debug\link.2044-rc.write.1.tlog
C:\Users\kristianseng\Documents\Visual Studio 2012\Projects\PIDLander\PIDLander\Debug\link.2044.read.1.tlog
C:\Users\kristianseng\Documents\Visual Studio 2012\Projects\PIDLander\PIDLander\Debug\link.2044.write.1.tlog
C:\Users\kristianseng\Documents\Visual Studio 2012\Projects\PIDLander\PIDLander\Debug\link.2088-cvtres.read.1.tlog
C:\Users\kristianseng\Documents\Visual Studio 2012\Projects\PIDLander\PIDLander\Debug\link.2088-cvtres.write.1.tlog
C:\Users\kristianseng\Documents\Visual Studio 2012\Projects\PIDLander\PIDLander\Debug\link.2088-rc.read.1.tlog
C:\Users\kristianseng\Documents\Visual Studio 2012\Projects\PIDLander\PIDLander\Debug\link.2088-rc.write.1.tlog
C:\Users\kristianseng\Documents\Visual Studio 2012\Projects\PIDLander\PIDLander\Debug\link.2088.read.1.tlog
C:\Users\kristianseng\Documents\Visual Studio 2012\Projects\PIDLander\PIDLander\Debug\link.2088.write.1.tlog
C:\Users\kristianseng\Documents\Visual Studio 2012\Projects\PIDLander\PIDLander\Debug\link.2144-cvtres.read.1.tlog
C:\Users\kristianseng\Documents\Visual Studio 2012\Projects\PIDLander\PIDLander\Debug\link.2144-cvtres.write.1.tlog
C:\Users\kristianseng\Documents\Visual Studio 2012\Projects\PIDLander\PIDLander\Debug\link.2144-rc.read.1.tlog
C:\Users\kristianseng\Documents\Visual Studio 2012\Projects\PIDLander\PIDLander\Debug\link.2144-rc.write.1.tlog
C:\Users\kristianseng\Documents\Visual Studio 2012\Projects\PIDLander\PIDLander\Debug\link.2144.read.1.tlog
C:\Users\kristianseng\Documents\Visual Studio 2012\Projects\PIDLander\PIDLander\Debug\link.2144.write.1.tlog
C:\Users\kristianseng\Documents\Visual Studio 2012\Projects\PIDLander\PIDLander\Debug\link.2180-cvtres.read.1.tlog
C:\Users\kristianseng\Documents\Visual Studio 2012\Projects\PIDLander\PIDLander\Debug\link.2180-cvtres.write.1.tlog
C:\Users\kristianseng\Documents\Visual Studio 2012\Projects\PIDLander\PIDLander\Debug\link.2180-rc.read.1.tlog
C:\Users\kristianseng\Documents\Visual Studio 2012\Projects\PIDLander\PIDLander\Debug\link.2180-rc.write.1.tlog
C:\Users\kristianseng\Documents\Visual Studio 2012\Projects\PIDLander\PIDLander\Debug\link.2180.read.1.tlog
C:\Users\kristianseng\Documents\Visual Studio 2012\Projects\PIDLander\PIDLander\Debug\link.2180.write.1.tlog
C:\Users\kristianseng\Documents\Visual Studio 2012\Projects\PIDLander\PIDLander\Debug\link.2216-cvtres.read.1.tlog
C:\Users\kristianseng\Documents\Visual Studio 2012\Projects\PIDLander\PIDLander\Debug\link.2216-cvtres.write.1.tlog
C:\Users\kristianseng\Documents\Visual Studio 2012\Projects\PIDLander\PIDLander\Debug\link.2216-rc.read.1.tlog
C:\Users\kristianseng\Documents\Visual Studio 2012\Projects\PIDLander\PIDLander\Debug\link.2216-rc.write.1.tlog
C:\Users\kristianseng\Documents\Visual Studio 2012\Projects\PIDLander\PIDLander\Debug\link.2216.read.1.tlog
C:\Users\kristianseng\Documents\Visual Studio 2012\Projects\PIDLander\PIDLander\Debug\link.2216.write.1.tlog
C:\Users\kristianseng\Documents\Visual Studio 2012\Projects\PIDLander\PIDLander\Debug\link.2320-cvtres.read.1.tlog
C:\Users\kristianseng\Documents\Visual Studio 2012\Projects\PIDLander\PIDLander\Debug\link.2320-cvtres.write.1.tlog
C:\Users\kristianseng\Documents\Visual Studio 2012\Projects\PIDLander\PIDLander\Debug\link.2320-rc.read.1.tlog
C:\Users\kristianseng\Documents\Visual Studio 2012\Projects\PIDLander\PIDLander\Debug\link.2320-rc.write.1.tlog
C:\Users\kristianseng\Documents\Visual Studio 2012\Projects\PIDLander\PIDLander\Debug\link.2320.read.1.tlog
C:\Users\kristianseng\Documents\Visual Studio 2012\Projects\PIDLander\PIDLander\Debug\link.2320.write.1.tlog
C:\Users\kristianseng\Documents\Visual Studio 2012\Projects\PIDLander\PIDLander\Debug\link.2456-cvtres.read.1.tlog
C:\Users\kristianseng\Documents\Visual Studio 2012\Projects\PIDLander\PIDLander\Debug\link.2456-cvtres.write.1.tlog
C:\Users\kristianseng\Documents\Visual Studio 2012\Projects\PIDLander\PIDLander\Debug\link.2456-rc.read.1.tlog
C:\Users\kristianseng\Documents\Visual Studio 2012\Projects\PIDLander\PIDLander\Debug\link.2456-rc.write.1.tlog
C:\Users\kristianseng\Documents\Visual Studio 2012\Projects\PIDLander\PIDLander\Debug\link.2456.read.1.tlog
C:\Users\kristianseng\Documents\Visual Studio 2012\Projects\PIDLander\PIDLander\Debug\link.2456.write.1.tlog
C:\Users\kristianseng\Documents\Visual Studio 2012\Projects\PIDLander\PIDLander\Debug\link.2468-cvtres.read.1.tlog
C:\Users\kristianseng\Documents\Visual Studio 2012\Projects\PIDLander\PIDLander\Debug\link.2468-cvtres.write.1.tlog
C:\Users\kristianseng\Documents\Visual Studio 2012\Projects\PIDLander\PIDLander\Debug\link.2468-rc.read.1.tlog
C:\Users\kristianseng\Documents\Visual Studio 2012\Projects\PIDLander\PIDLander\Debug\link.2468-rc.write.1.tlog
C:\Users\kristianseng\Documents\Visual Studio 2012\Projects\PIDLander\PIDLander\Debug\link.2468.read.1.tlog
C:\Users\kristianseng\Documents\Visual Studio 2012\Projects\PIDLander\PIDLander\Debug\link.2468.write.1.tlog
C:\Users\kristianseng\Documents\Visual Studio 2012\Projects\PIDLander\PIDLander\Debug\link.2588-cvtres.read.1.tlog
C:\Users\kristianseng\Documents\Visual Studio 2012\Projects\PIDLander\PIDLander\Debug\link.2588-cvtres.write.1.tlog
C:\Users\kristianseng\Documents\Visual Studio 2012\Projects\PIDLander\PIDLander\Debug\link.2588-rc.read.1.tlog
C:\Users\kristianseng\Documents\Visual Studio 2012\Projects\PIDLander\PIDLander\Debug\link.2588-rc.write.1.tlog
C:\Users\kristianseng\Documents\Visual Studio 2012\Projects\PIDLander\PIDLander\Debug\link.2588.read.1.tlog
C:\Users\kristianseng\Documents\Visual Studio 2012\Projects\PIDLander\PIDLander\Debug\link.2588.write.1.tlog
C:\Users\kristianseng\Documents\Visual Studio 2012\Projects\PIDLander\PIDLander\Debug\link.2736-cvtres.read.1.tlog
C:\Users\kristianseng\Documents\Visual Studio 2012\Projects\PIDLander\PIDLander\Debug\link.2736-cvtres.write.1.tlog
C:\Users\kristianseng\Documents\Visual Studio 2012\Projects\PIDLander\PIDLander\Debug\link.2736-rc.read.1.tlog
C:\Users\kristianseng\Documents\Visual Studio 2012\Projects\PIDLander\PIDLander\Debug\link.2736-rc.write.1.tlog
C:\Users\kristianseng\Documents\Visual Studio 2012\Projects\PIDLander\PIDLander\Debug\link.2736.read.1.tlog
C:\Users\kristianseng\Documents\Visual Studio 2012\Projects\PIDLander\PIDLander\Debug\link.2736.write.1.tlog
C:\Users\kristianseng\Documents\Visual Studio 2012\Projects\PIDLander\PIDLander\Debug\link.3040-cvtres.read.1.tlog
C:\Users\kristianseng\Documents\Visual Studio 2012\Projects\PIDLander\PIDLander\Debug\link.3040-cvtres.write.1.tlog
C:\Users\kristianseng\Documents\Visual Studio 2012\Projects\PIDLander\PIDLander\Debug\link.3040-rc.read.1.tlog
C:\Users\kristianseng\Documents\Visual Studio 2012\Projects\PIDLander\PIDLander\Debug\link.3040-rc.write.1.tlog
C:\Users\kristianseng\Documents\Visual Studio 2012\Projects\PIDLander\PIDLander\Debug\link.3040.read.1.tlog
C:\Users\kristianseng\Documents\Visual Studio 2012\Projects\PIDLander\PIDLander\Debug\link.3040.write.1.tlog
C:\Users\kristianseng\Documents\Visual Studio 2012\Projects\PIDLander\PIDLander\Debug\link.3180-cvtres.read.1.tlog
C:\Users\kristianseng\Documents\Visual Studio 2012\Projects\PIDLander\PIDLander\Debug\link.3180-cvtres.write.1.tlog
C:\Users\kristianseng\Documents\Visual Studio 2012\Projects\PIDLander\PIDLander\Debug\link.3180-rc.read.1.tlog
C:\Users\kristianseng\Documents\Visual Studio 2012\Projects\PIDLander\PIDLander\Debug\link.3180-rc.write.1.tlog
C:\Users\kristianseng\Documents\Visual Studio 2012\Projects\PIDLander\PIDLander\Debug\link.3180.read.1.tlog
C:\Users\kristianseng\Documents\Visual Studio 2012\Projects\PIDLander\PIDLander\Debug\link.3180.write.1.tlog
C:\Users\kristianseng\Documents\Visual Studio 2012\Projects\PIDLander\PIDLander\Debug\link.3220-cvtres.read.1.tlog
C:\Users\kristianseng\Documents\Visual Studio 2012\Projects\PIDLander\PIDLander\Debug\link.3220-cvtres.write.1.tlog
C:\Users\kristianseng\Documents\Visual Studio 2012\Projects\PIDLander\PIDLander\Debug\link.3220-rc.read.1.tlog
C:\Users\kristianseng\Documents\Visual Studio 2012\Projects\PIDLander\PIDLander\Debug\link.3220-rc.write.1.tlog
C:\Users\kristianseng\Documents\Visual Studio 2012\Projects\PIDLander\PIDLander\Debug\link.3220.read.1.tlog
C:\Users\kristianseng\Documents\Visual Studio 2012\Projects\PIDLander\PIDLander\Debug\link.3220.write.1.tlog
C:\Users\kristianseng\Documents\Visual Studio 2012\Projects\PIDLander\PIDLander\Debug\link.3300-cvtres.read.1.tlog
C:\Users\kristianseng\Documents\Visual Studio 2012\Projects\PIDLander\PIDLander\Debug\link.3300-cvtres.write.1.tlog
C:\Users\kristianseng\Documents\Visual Studio 2012\Projects\PIDLander\PIDLander\Debug\link.3300-rc.read.1.tlog
C:\Users\kristianseng\Documents\Visual Studio 2012\Projects\PIDLander\PIDLander\Debug\link.3300-rc.write.1.tlog
C:\Users\kristianseng\Documents\Visual Studio 2012\Projects\PIDLander\PIDLander\Debug\link.3300.read.1.tlog
C:\Users\kristianseng\Documents\Visual Studio 2012\Projects\PIDLander\PIDLander\Debug\link.3300.write.1.tlog
C:\Users\kristianseng\Documents\Visual Studio 2012\Projects\PIDLander\PIDLander\Debug\link.3328-cvtres.read.1.tlog
C:\Users\kristianseng\Documents\Visual Studio 2012\Projects\PIDLander\PIDLander\Debug\link.3328-cvtres.write.1.tlog
C:\Users\kristianseng\Documents\Visual Studio 2012\Projects\PIDLander\PIDLander\Debug\link.3328-rc.read.1.tlog
C:\Users\kristianseng\Documents\Visual Studio 2012\Projects\PIDLander\PIDLander\Debug\link.3328-rc.write.1.tlog
C:\Users\kristianseng\Documents\Visual Studio 2012\Projects\PIDLander\PIDLander\Debug\link.3328.read.1.tlog
C:\Users\kristianseng\Documents\Visual Studio 2012\Projects\PIDLander\PIDLander\Debug\link.3328.write.1.tlog
C:\Users\kristianseng\Documents\Visual Studio 2012\Projects\PIDLander\PIDLander\Debug\link.3408-cvtres.read.1.tlog
C:\Users\kristianseng\Documents\Visual Studio 2012\Projects\PIDLander\PIDLander\Debug\link.3408-cvtres.write.1.tlog
C:\Users\kristianseng\Documents\Visual Studio 2012\Projects\PIDLander\PIDLander\Debug\link.3408-rc.read.1.tlog
C:\Users\kristianseng\Documents\Visual Studio 2012\Projects\PIDLander\PIDLander\Debug\link.3408-rc.write.1.tlog
C:\Users\kristianseng\Documents\Visual Studio 2012\Projects\PIDLander\PIDLander\Debug\link.3408.read.1.tlog
C:\Users\kristianseng\Documents\Visual Studio 2012\Projects\PIDLander\PIDLander\Debug\link.3408.write.1.tlog
C:\Users\kristianseng\Documents\Visual Studio 2012\Projects\PIDLander\PIDLander\Debug\link.3416-cvtres.read.1.tlog
C:\Users\kristianseng\Documents\Visual Studio 2012\Projects\PIDLander\PIDLander\Debug\link.3416-cvtres.write.1.tlog
C:\Users\kristianseng\Documents\Visual Studio 2012\Projects\PIDLander\PIDLander\Debug\link.3416-rc.read.1.tlog
C:\Users\kristianseng\Documents\Visual Studio 2012\Projects\PIDLander\PIDLander\Debug\link.3416-rc.write.1.tlog
C:\Users\kristianseng\Documents\Visual Studio 2012\Projects\PIDLander\PIDLander\Debug\link.3416.read.1.tlog
C:\Users\kristianseng\Documents\Visual Studio 2012\Projects\PIDLander\PIDLander\Debug\link.3416.write.1.tlog
C:\Users\kristianseng\Documents\Visual Studio 2012\Projects\PIDLander\PIDLander\Debug\link.3432-cvtres.read.1.tlog
C:\Users\kristianseng\Documents\Visual Studio 2012\Projects\PIDLander\PIDLander\Debug\link.3432-cvtres.write.1.tlog
C:\Users\kristianseng\Documents\Visual Studio 2012\Projects\PIDLander\PIDLander\Debug\link.3432-rc.read.1.tlog
C:\Users\kristianseng\Documents\Visual Studio 2012\Projects\PIDLander\PIDLander\Debug\link.3432-rc.write.1.tlog
C:\Users\kristianseng\Documents\Visual Studio 2012\Projects\PIDLander\PIDLander\Debug\link.3432.read.1.tlog
C:\Users\kristianseng\Documents\Visual Studio 2012\Projects\PIDLander\PIDLander\Debug\link.3432.write.1.tlog
C:\Users\kristianseng\Documents\Visual Studio 2012\Projects\PIDLander\PIDLander\Debug\link.3444-cvtres.read.1.tlog
C:\Users\kristianseng\Documents\Visual Studio 2012\Projects\PIDLander\PIDLander\Debug\link.3444-cvtres.write.1.tlog
C:\Users\kristianseng\Documents\Visual Studio 2012\Projects\PIDLander\PIDLander\Debug\link.3444-rc.read.1.tlog
C:\Users\kristianseng\Documents\Visual Studio 2012\Projects\PIDLander\PIDLander\Debug\link.3444-rc.write.1.tlog
C:\Users\kristianseng\Documents\Visual Studio 2012\Projects\PIDLander\PIDLander\Debug\link.3444.read.1.tlog
C:\Users\kristianseng\Documents\Visual Studio 2012\Projects\PIDLander\PIDLander\Debug\link.3444.write.1.tlog
C:\Users\kristianseng\Documents\Visual Studio 2012\Projects\PIDLander\PIDLander\Debug\link.3452-cvtres.read.1.tlog
C:\Users\kristianseng\Documents\Visual Studio 2012\Projects\PIDLander\PIDLander\Debug\link.3452-cvtres.write.1.tlog
C:\Users\kristianseng\Documents\Visual Studio 2012\Projects\PIDLander\PIDLander\Debug\link.3452-rc.read.1.tlog
C:\Users\kristianseng\Documents\Visual Studio 2012\Projects\PIDLander\PIDLander\Debug\link.3452-rc.write.1.tlog
C:\Users\kristianseng\Documents\Visual Studio 2012\Projects\PIDLander\PIDLander\Debug\link.3452.read.1.tlog
C:\Users\kristianseng\Documents\Visual Studio 2012\Projects\PIDLander\PIDLander\Debug\link.3452.write.1.tlog
C:\Users\kristianseng\Documents\Visual Studio 2012\Projects\PIDLander\PIDLander\Debug\link.3516-cvtres.read.1.tlog
C:\Users\kristianseng\Documents\Visual Studio 2012\Projects\PIDLander\PIDLander\Debug\link.3516-cvtres.write.1.tlog
C:\Users\kristianseng\Documents\Visual Studio 2012\Projects\PIDLander\PIDLander\Debug\link.3516-rc.read.1.tlog
C:\Users\kristianseng\Documents\Visual Studio 2012\Projects\PIDLander\PIDLander\Debug\link.3516-rc.write.1.tlog
C:\Users\kristianseng\Documents\Visual Studio 2012\Projects\PIDLander\PIDLander\Debug\link.3516.read.1.tlog
C:\Users\kristianseng\Documents\Visual Studio 2012\Projects\PIDLander\PIDLander\Debug\link.3516.write.1.tlog
C:\Users\kristianseng\Documents\Visual Studio 2012\Projects\PIDLander\PIDLander\Debug\link.3564-cvtres.read.1.tlog
C:\Users\kristianseng\Documents\Visual Studio 2012\Projects\PIDLander\PIDLander\Debug\link.3564-cvtres.write.1.tlog
C:\Users\kristianseng\Documents\Visual Studio 2012\Projects\PIDLander\PIDLander\Debug\link.3564-rc.read.1.tlog
C:\Users\kristianseng\Documents\Visual Studio 2012\Projects\PIDLander\PIDLander\Debug\link.3564-rc.write.1.tlog
C:\Users\kristianseng\Documents\Visual Studio 2012\Projects\PIDLander\PIDLander\Debug\link.3564.read.1.tlog
C:\Users\kristianseng\Documents\Visual Studio 2012\Projects\PIDLander\PIDLander\Debug\link.3564.write.1.tlog
C:\Users\kristianseng\Documents\Visual Studio 2012\Projects\PIDLander\PIDLander\Debug\link.3608-cvtres.read.1.tlog
C:\Users\kristianseng\Documents\Visual Studio 2012\Projects\PIDLander\PIDLander\Debug\link.3608-cvtres.write.1.tlog
C:\Users\kristianseng\Documents\Visual Studio 2012\Projects\PIDLander\PIDLander\Debug\link.3608-rc.read.1.tlog
C:\Users\kristianseng\Documents\Visual Studio 2012\Projects\PIDLander\PIDLander\Debug\link.3608-rc.write.1.tlog
C:\Users\kristianseng\Documents\Visual Studio 2012\Projects\PIDLander\PIDLander\Debug\link.3608.read.1.tlog
C:\Users\kristianseng\Documents\Visual Studio 2012\Projects\PIDLander\PIDLander\Debug\link.3608.write.1.tlog
C:\Users\kristianseng\Documents\Visual Studio 2012\Projects\PIDLander\PIDLander\Debug\link.3652-cvtres.read.1.tlog
C:\Users\kristianseng\Documents\Visual Studio 2012\Projects\PIDLander\PIDLander\Debug\link.3652-cvtres.write.1.tlog
C:\Users\kristianseng\Documents\Visual Studio 2012\Projects\PIDLander\PIDLander\Debug\link.3652-rc.read.1.tlog
C:\Users\kristianseng\Documents\Visual Studio 2012\Projects\PIDLander\PIDLander\Debug\link.3652-rc.write.1.tlog
C:\Users\kristianseng\Documents\Visual Studio 2012\Projects\PIDLander\PIDLander\Debug\link.3652.read.1.tlog
C:\Users\kristianseng\Documents\Visual Studio 2012\Projects\PIDLander\PIDLander\Debug\link.3652.write.1.tlog
C:\Users\kristianseng\Documents\Visual Studio 2012\Projects\PIDLander\PIDLander\Debug\link.3708-cvtres.read.1.tlog
C:\Users\kristianseng\Documents\Visual Studio 2012\Projects\PIDLander\PIDLander\Debug\link.3708-cvtres.write.1.tlog
C:\Users\kristianseng\Documents\Visual Studio 2012\Projects\PIDLander\PIDLander\Debug\link.3708-rc.read.1.tlog
C:\Users\kristianseng\Documents\Visual Studio 2012\Projects\PIDLander\PIDLander\Debug\link.3708-rc.write.1.tlog
C:\Users\kristianseng\Documents\Visual Studio 2012\Projects\PIDLander\PIDLander\Debug\link.3708.read.1.tlog
C:\Users\kristianseng\Documents\Visual Studio 2012\Projects\PIDLander\PIDLander\Debug\link.3708.write.1.tlog
C:\Users\kristianseng\Documents\Visual Studio 2012\Projects\PIDLander\PIDLander\Debug\link.3736-cvtres.read.1.tlog
C:\Users\kristianseng\Documents\Visual Studio 2012\Projects\PIDLander\PIDLander\Debug\link.3736-cvtres.write.1.tlog
C:\Users\kristianseng\Documents\Visual Studio 2012\Projects\PIDLander\PIDLander\Debug\link.3736-rc.read.1.tlog
C:\Users\kristianseng\Documents\Visual Studio 2012\Projects\PIDLander\PIDLander\Debug\link.3736-rc.write.1.tlog
C:\Users\kristianseng\Documents\Visual Studio 2012\Projects\PIDLander\PIDLander\Debug\link.3736.read.1.tlog
C:\Users\kristianseng\Documents\Visual Studio 2012\Projects\PIDLander\PIDLander\Debug\link.3736.write.1.tlog
C:\Users\kristianseng\Documents\Visual Studio 2012\Projects\PIDLander\PIDLander\Debug\link.3804-cvtres.read.1.tlog
C:\Users\kristianseng\Documents\Visual Studio 2012\Projects\PIDLander\PIDLander\Debug\link.3804-cvtres.write.1.tlog
C:\Users\kristianseng\Documents\Visual Studio 2012\Projects\PIDLander\PIDLander\Debug\link.3804-rc.read.1.tlog
C:\Users\kristianseng\Documents\Visual Studio 2012\Projects\PIDLander\PIDLander\Debug\link.3804-rc.write.1.tlog
C:\Users\kristianseng\Documents\Visual Studio 2012\Projects\PIDLander\PIDLander\Debug\link.3804.read.1.tlog
C:\Users\kristianseng\Documents\Visual Studio 2012\Projects\PIDLander\PIDLander\Debug\link.3804.write.1.tlog
C:\Users\kristianseng\Documents\Visual Studio 2012\Projects\PIDLander\PIDLander\Debug\link.3856-cvtres.read.1.tlog
C:\Users\kristianseng\Documents\Visual Studio 2012\Projects\PIDLander\PIDLander\Debug\link.3856-cvtres.write.1.tlog
C:\Users\kristianseng\Documents\Visual Studio 2012\Projects\PIDLander\PIDLander\Debug\link.3856-rc.read.1.tlog
C:\Users\kristianseng\Documents\Visual Studio 2012\Projects\PIDLander\PIDLander\Debug\link.3856-rc.write.1.tlog
C:\Users\kristianseng\Documents\Visual Studio 2012\Projects\PIDLander\PIDLander\Debug\link.3856.read.1.tlog
C:\Users\kristianseng\Documents\Visual Studio 2012\Projects\PIDLander\PIDLander\Debug\link.3856.write.1.tlog
C:\Users\kristianseng\Documents\Visual Studio 2012\Projects\PIDLander\PIDLander\Debug\link.3864-cvtres.read.1.tlog
C:\Users\kristianseng\Documents\Visual Studio 2012\Projects\PIDLander\PIDLander\Debug\link.3864-cvtres.write.1.tlog
C:\Users\kristianseng\Documents\Visual Studio 2012\Projects\PIDLander\PIDLander\Debug\link.3864-rc.read.1.tlog
C:\Users\kristianseng\Documents\Visual Studio 2012\Projects\PIDLander\PIDLander\Debug\link.3864-rc.write.1.tlog
C:\Users\kristianseng\Documents\Visual Studio 2012\Projects\PIDLander\PIDLander\Debug\link.3864.read.1.tlog
C:\Users\kristianseng\Documents\Visual Studio 2012\Projects\PIDLander\PIDLander\Debug\link.3864.write.1.tlog
C:\Users\kristianseng\Documents\Visual Studio 2012\Projects\PIDLander\PIDLander\Debug\link.3928-cvtres.read.1.tlog
C:\Users\kristianseng\Documents\Visual Studio 2012\Projects\PIDLander\PIDLander\Debug\link.3928-cvtres.write.1.tlog
C:\Users\kristianseng\Documents\Visual Studio 2012\Projects\PIDLander\PIDLander\Debug\link.3928-rc.read.1.tlog
C:\Users\kristianseng\Documents\Visual Studio 2012\Projects\PIDLander\PIDLander\Debug\link.3928-rc.write.1.tlog
C:\Users\kristianseng\Documents\Visual Studio 2012\Projects\PIDLander\PIDLander\Debug\link.3928.read.1.tlog
C:\Users\kristianseng\Documents\Visual Studio 2012\Projects\PIDLander\PIDLander\Debug\link.3928.write.1.tlog
C:\Users\kristianseng\Documents\Visual Studio 2012\Projects\PIDLander\PIDLander\Debug\link.4056-cvtres.read.1.tlog
C:\Users\kristianseng\Documents\Visual Studio 2012\Projects\PIDLander\PIDLander\Debug\link.4056-cvtres.write.1.tlog
C:\Users\kristianseng\Documents\Visual Studio 2012\Projects\PIDLander\PIDLander\Debug\link.4056-rc.read.1.tlog
C:\Users\kristianseng\Documents\Visual Studio 2012\Projects\PIDLander\PIDLander\Debug\link.4056-rc.write.1.tlog
C:\Users\kristianseng\Documents\Visual Studio 2012\Projects\PIDLander\PIDLander\Debug\link.4056.read.1.tlog
C:\Users\kristianseng\Documents\Visual Studio 2012\Projects\PIDLander\PIDLander\Debug\link.4056.write.1.tlog
C:\Users\kristianseng\Documents\Visual Studio 2012\Projects\PIDLander\PIDLander\Debug\link.4108-cvtres.read.1.tlog
C:\Users\kristianseng\Documents\Visual Studio 2012\Projects\PIDLander\PIDLander\Debug\link.4108-cvtres.write.1.tlog
C:\Users\kristianseng\Documents\Visual Studio 2012\Projects\PIDLander\PIDLander\Debug\link.4108-rc.read.1.tlog
C:\Users\kristianseng\Documents\Visual Studio 2012\Projects\PIDLander\PIDLander\Debug\link.4108-rc.write.1.tlog
C:\Users\kristianseng\Documents\Visual Studio 2012\Projects\PIDLander\PIDLander\Debug\link.4108.read.1.tlog
C:\Users\kristianseng\Documents\Visual Studio 2012\Projects\PIDLander\PIDLander\Debug\link.4108.write.1.tlog
C:\Users\kristianseng\Documents\Visual Studio 2012\Projects\PIDLander\PIDLander\Debug\link.4272-cvtres.read.1.tlog
C:\Users\kristianseng\Documents\Visual Studio 2012\Projects\PIDLander\PIDLander\Debug\link.4272-cvtres.write.1.tlog
C:\Users\kristianseng\Documents\Visual Studio 2012\Projects\PIDLander\PIDLander\Debug\link.4272-rc.read.1.tlog
C:\Users\kristianseng\Documents\Visual Studio 2012\Projects\PIDLander\PIDLander\Debug\link.4272-rc.write.1.tlog
C:\Users\kristianseng\Documents\Visual Studio 2012\Projects\PIDLander\PIDLander\Debug\link.4272.read.1.tlog
C:\Users\kristianseng\Documents\Visual Studio 2012\Projects\PIDLander\PIDLander\Debug\link.4272.write.1.tlog
C:\Users\kristianseng\Documents\Visual Studio 2012\Projects\PIDLander\PIDLander\Debug\link.4476-cvtres.read.1.tlog
C:\Users\kristianseng\Documents\Visual Studio 2012\Projects\PIDLander\PIDLander\Debug\link.4476-cvtres.write.1.tlog
C:\Users\kristianseng\Documents\Visual Studio 2012\Projects\PIDLander\PIDLander\Debug\link.4476-rc.read.1.tlog
C:\Users\kristianseng\Documents\Visual Studio 2012\Projects\PIDLander\PIDLander\Debug\link.4476-rc.write.1.tlog
C:\Users\kristianseng\Documents\Visual Studio 2012\Projects\PIDLander\PIDLander\Debug\link.4476.read.1.tlog
C:\Users\kristianseng\Documents\Visual Studio 2012\Projects\PIDLander\PIDLander\Debug\link.4476.write.1.tlog
C:\Users\kristianseng\Documents\Visual Studio 2012\Projects\PIDLander\PIDLander\Debug\link.4480-cvtres.read.1.tlog
C:\Users\kristianseng\Documents\Visual Studio 2012\Projects\PIDLander\PIDLander\Debug\link.4480-cvtres.write.1.tlog
C:\Users\kristianseng\Documents\Visual Studio 2012\Projects\PIDLander\PIDLander\Debug\link.4480-rc.read.1.tlog
C:\Users\kristianseng\Documents\Visual Studio 2012\Projects\PIDLander\PIDLander\Debug\link.4480-rc.write.1.tlog
C:\Users\kristianseng\Documents\Visual Studio 2012\Projects\PIDLander\PIDLander\Debug\link.4480.read.1.tlog
C:\Users\kristianseng\Documents\Visual Studio 2012\Projects\PIDLander\PIDLander\Debug\link.4480.write.1.tlog
C:\Users\kristianseng\Documents\Visual Studio 2012\Projects\PIDLander\PIDLander\Debug\link.4548-cvtres.read.1.tlog
C:\Users\kristianseng\Documents\Visual Studio 2012\Projects\PIDLander\PIDLander\Debug\link.4548-cvtres.write.1.tlog
C:\Users\kristianseng\Documents\Visual Studio 2012\Projects\PIDLander\PIDLander\Debug\link.4548-rc.read.1.tlog
C:\Users\kristianseng\Documents\Visual Studio 2012\Projects\PIDLander\PIDLander\Debug\link.4548-rc.write.1.tlog
C:\Users\kristianseng\Documents\Visual Studio 2012\Projects\PIDLander\PIDLander\Debug\link.4548.read.1.tlog
C:\Users\kristianseng\Documents\Visual Studio 2012\Projects\PIDLander\PIDLander\Debug\link.4548.write.1.tlog
C:\Users\kristianseng\Documents\Visual Studio 2012\Projects\PIDLander\PIDLander\Debug\link.4636-cvtres.read.1.tlog
C:\Users\kristianseng\Documents\Visual Studio 2012\Projects\PIDLander\PIDLander\Debug\link.4636-cvtres.write.1.tlog
C:\Users\kristianseng\Documents\Visual Studio 2012\Projects\PIDLander\PIDLander\Debug\link.4636-rc.read.1.tlog
C:\Users\kristianseng\Documents\Visual Studio 2012\Projects\PIDLander\PIDLander\Debug\link.4636-rc.write.1.tlog
C:\Users\kristianseng\Documents\Visual Studio 2012\Projects\PIDLander\PIDLander\Debug\link.4636.read.1.tlog
C:\Users\kristianseng\Documents\Visual Studio 2012\Projects\PIDLander\PIDLander\Debug\link.4636.write.1.tlog
C:\Users\kristianseng\Documents\Visual Studio 2012\Projects\PIDLander\PIDLander\Debug\link.4664-cvtres.read.1.tlog
C:\Users\kristianseng\Documents\Visual Studio 2012\Projects\PIDLander\PIDLander\Debug\link.4664-cvtres.write.1.tlog
C:\Users\kristianseng\Documents\Visual Studio 2012\Projects\PIDLander\PIDLander\Debug\link.4664-rc.read.1.tlog
C:\Users\kristianseng\Documents\Visual Studio 2012\Projects\PIDLander\PIDLander\Debug\link.4664-rc.write.1.tlog
C:\Users\kristianseng\Documents\Visual Studio 2012\Projects\PIDLander\PIDLander\Debug\link.4664.read.1.tlog
C:\Users\kristianseng\Documents\Visual Studio 2012\Projects\PIDLander\PIDLander\Debug\link.4664.write.1.tlog
C:\Users\kristianseng\Documents\Visual Studio 2012\Projects\PIDLander\PIDLander\Debug\link.4676-cvtres.read.1.tlog
C:\Users\kristianseng\Documents\Visual Studio 2012\Projects\PIDLander\PIDLander\Debug\link.4676-cvtres.write.1.tlog
C:\Users\kristianseng\Documents\Visual Studio 2012\Projects\PIDLander\PIDLander\Debug\link.4676-rc.read.1.tlog
C:\Users\kristianseng\Documents\Visual Studio 2012\Projects\PIDLander\PIDLander\Debug\link.4676-rc.write.1.tlog
C:\Users\kristianseng\Documents\Visual Studio 2012\Projects\PIDLander\PIDLander\Debug\link.4676.read.1.tlog
C:\Users\kristianseng\Documents\Visual Studio 2012\Projects\PIDLander\PIDLander\Debug\link.4676.write.1.tlog
C:\Users\kristianseng\Documents\Visual Studio 2012\Projects\PIDLander\PIDLander\Debug\link.4720-cvtres.read.1.tlog
C:\Users\kristianseng\Documents\Visual Studio 2012\Projects\PIDLander\PIDLander\Debug\link.4720-cvtres.write.1.tlog
C:\Users\kristianseng\Documents\Visual Studio 2012\Projects\PIDLander\PIDLander\Debug\link.4720-rc.read.1.tlog
C:\Users\kristianseng\Documents\Visual Studio 2012\Projects\PIDLander\PIDLander\Debug\link.4720-rc.write.1.tlog
C:\Users\kristianseng\Documents\Visual Studio 2012\Projects\PIDLander\PIDLander\Debug\link.4720.read.1.tlog
C:\Users\kristianseng\Documents\Visual Studio 2012\Projects\PIDLander\PIDLander\Debug\link.4720.write.1.tlog
C:\Users\kristianseng\Documents\Visual Studio 2012\Projects\PIDLander\PIDLander\Debug\link.4768-cvtres.read.1.tlog
C:\Users\kristianseng\Documents\Visual Studio 2012\Projects\PIDLander\PIDLander\Debug\link.4768-cvtres.write.1.tlog
C:\Users\kristianseng\Documents\Visual Studio 2012\Projects\PIDLander\PIDLander\Debug\link.4768-rc.read.1.tlog
C:\Users\kristianseng\Documents\Visual Studio 2012\Projects\PIDLander\PIDLander\Debug\link.4768-rc.write.1.tlog
C:\Users\kristianseng\Documents\Visual Studio 2012\Projects\PIDLander\PIDLander\Debug\link.4768.read.1.tlog
C:\Users\kristianseng\Documents\Visual Studio 2012\Projects\PIDLander\PIDLander\Debug\link.4768.write.1.tlog
C:\Users\kristianseng\Documents\Visual Studio 2012\Projects\PIDLander\PIDLander\Debug\link.4816-cvtres.read.1.tlog
C:\Users\kristianseng\Documents\Visual Studio 2012\Projects\PIDLander\PIDLander\Debug\link.4816-cvtres.write.1.tlog
C:\Users\kristianseng\Documents\Visual Studio 2012\Projects\PIDLander\PIDLander\Debug\link.4816-rc.read.1.tlog
C:\Users\kristianseng\Documents\Visual Studio 2012\Projects\PIDLander\PIDLander\Debug\link.4816-rc.write.1.tlog
C:\Users\kristianseng\Documents\Visual Studio 2012\Projects\PIDLander\PIDLander\Debug\link.4816.read.1.tlog
C:\Users\kristianseng\Documents\Visual Studio 2012\Projects\PIDLander\PIDLander\Debug\link.4816.write.1.tlog
C:\Users\kristianseng\Documents\Visual Studio 2012\Projects\PIDLander\PIDLander\Debug\link.4904-cvtres.read.1.tlog
C:\Users\kristianseng\Documents\Visual Studio 2012\Projects\PIDLander\PIDLander\Debug\link.4904-cvtres.write.1.tlog
C:\Users\kristianseng\Documents\Visual Studio 2012\Projects\PIDLander\PIDLander\Debug\link.4904-rc.read.1.tlog
C:\Users\kristianseng\Documents\Visual Studio 2012\Projects\PIDLander\PIDLander\Debug\link.4904-rc.write.1.tlog
C:\Users\kristianseng\Documents\Visual Studio 2012\Projects\PIDLander\PIDLander\Debug\link.4904.read.1.tlog
C:\Users\kristianseng\Documents\Visual Studio 2012\Projects\PIDLander\PIDLander\Debug\link.4904.write.1.tlog
C:\Users\kristianseng\Documents\Visual Studio 2012\Projects\PIDLander\PIDLander\Debug\link.4924-cvtres.read.1.tlog
C:\Users\kristianseng\Documents\Visual Studio 2012\Projects\PIDLander\PIDLander\Debug\link.4924-cvtres.write.1.tlog
C:\Users\kristianseng\Documents\Visual Studio 2012\Projects\PIDLander\PIDLander\Debug\link.4924-rc.read.1.tlog
C:\Users\kristianseng\Documents\Visual Studio 2012\Projects\PIDLander\PIDLander\Debug\link.4924-rc.write.1.tlog
C:\Users\kristianseng\Documents\Visual Studio 2012\Projects\PIDLander\PIDLander\Debug\link.4924.read.1.tlog
C:\Users\kristianseng\Documents\Visual Studio 2012\Projects\PIDLander\PIDLander\Debug\link.4924.write.1.tlog
C:\Users\kristianseng\Documents\Visual Studio 2012\Projects\PIDLander\PIDLander\Debug\link.5060-cvtres.read.1.tlog
C:\Users\kristianseng\Documents\Visual Studio 2012\Projects\PIDLander\PIDLander\Debug\link.5060-cvtres.write.1.tlog
C:\Users\kristianseng\Documents\Visual Studio 2012\Projects\PIDLander\PIDLander\Debug\link.5060-rc.read.1.tlog
C:\Users\kristianseng\Documents\Visual Studio 2012\Projects\PIDLander\PIDLander\Debug\link.5060-rc.write.1.tlog
C:\Users\kristianseng\Documents\Visual Studio 2012\Projects\PIDLander\PIDLander\Debug\link.5060.read.1.tlog
C:\Users\kristianseng\Documents\Visual Studio 2012\Projects\PIDLander\PIDLander\Debug\link.5060.write.1.tlog
C:\Users\kristianseng\Documents\Visual Studio 2012\Projects\PIDLander\PIDLander\Debug\link.5104-cvtres.read.1.tlog
C:\Users\kristianseng\Documents\Visual Studio 2012\Projects\PIDLander\PIDLander\Debug\link.5104-cvtres.write.1.tlog
C:\Users\kristianseng\Documents\Visual Studio 2012\Projects\PIDLander\PIDLander\Debug\link.5104-rc.read.1.tlog
C:\Users\kristianseng\Documents\Visual Studio 2012\Projects\PIDLander\PIDLander\Debug\link.5104-rc.write.1.tlog
C:\Users\kristianseng\Documents\Visual Studio 2012\Projects\PIDLander\PIDLander\Debug\link.5104.read.1.tlog
C:\Users\kristianseng\Documents\Visual Studio 2012\Projects\PIDLander\PIDLander\Debug\link.5104.write.1.tlog
C:\Users\kristianseng\Documents\Visual Studio 2012\Projects\PIDLander\PIDLander\Debug\link.5256-cvtres.read.1.tlog
C:\Users\kristianseng\Documents\Visual Studio 2012\Projects\PIDLander\PIDLander\Debug\link.5256-cvtres.write.1.tlog
C:\Users\kristianseng\Documents\Visual Studio 2012\Projects\PIDLander\PIDLander\Debug\link.5256-rc.read.1.tlog
C:\Users\kristianseng\Documents\Visual Studio 2012\Projects\PIDLander\PIDLander\Debug\link.5256-rc.write.1.tlog
C:\Users\kristianseng\Documents\Visual Studio 2012\Projects\PIDLander\PIDLander\Debug\link.5256.read.1.tlog
C:\Users\kristianseng\Documents\Visual Studio 2012\Projects\PIDLander\PIDLander\Debug\link.5256.write.1.tlog
C:\Users\kristianseng\Documents\Visual Studio 2012\Projects\PIDLander\PIDLander\Debug\link.5292-cvtres.read.1.tlog
C:\Users\kristianseng\Documents\Visual Studio 2012\Projects\PIDLander\PIDLander\Debug\link.5292-cvtres.write.1.tlog
C:\Users\kristianseng\Documents\Visual Studio 2012\Projects\PIDLander\PIDLander\Debug\link.5292-rc.read.1.tlog
C:\Users\kristianseng\Documents\Visual Studio 2012\Projects\PIDLander\PIDLander\Debug\link.5292-rc.write.1.tlog
C:\Users\kristianseng\Documents\Visual Studio 2012\Projects\PIDLander\PIDLander\Debug\link.5292.read.1.tlog
C:\Users\kristianseng\Documents\Visual Studio 2012\Projects\PIDLander\PIDLander\Debug\link.5292.write.1.tlog
C:\Users\kristianseng\Documents\Visual Studio 2012\Projects\PIDLander\PIDLander\Debug\link.5344-cvtres.read.1.tlog
C:\Users\kristianseng\Documents\Visual Studio 2012\Projects\PIDLander\PIDLander\Debug\link.5344-cvtres.write.1.tlog
C:\Users\kristianseng\Documents\Visual Studio 2012\Projects\PIDLander\PIDLander\Debug\link.5344-rc.read.1.tlog
C:\Users\kristianseng\Documents\Visual Studio 2012\Projects\PIDLander\PIDLander\Debug\link.5344-rc.write.1.tlog
C:\Users\kristianseng\Documents\Visual Studio 2012\Projects\PIDLander\PIDLander\Debug\link.5344.read.1.tlog
C:\Users\kristianseng\Documents\Visual Studio 2012\Projects\PIDLander\PIDLander\Debug\link.5344.write.1.tlog
C:\Users\kristianseng\Documents\Visual Studio 2012\Projects\PIDLander\PIDLander\Debug\link.5360-cvtres.read.1.tlog
C:\Users\kristianseng\Documents\Visual Studio 2012\Projects\PIDLander\PIDLander\Debug\link.5360-cvtres.write.1.tlog
C:\Users\kristianseng\Documents\Visual Studio 2012\Projects\PIDLander\PIDLander\Debug\link.5360-rc.read.1.tlog
C:\Users\kristianseng\Documents\Visual Studio 2012\Projects\PIDLander\PIDLander\Debug\link.5360-rc.write.1.tlog
C:\Users\kristianseng\Documents\Visual Studio 2012\Projects\PIDLander\PIDLander\Debug\link.5360.read.1.tlog
C:\Users\kristianseng\Documents\Visual Studio 2012\Projects\PIDLander\PIDLander\Debug\link.5360.write.1.tlog
C:\Users\kristianseng\Documents\Visual Studio 2012\Projects\PIDLander\PIDLander\Debug\link.5372-cvtres.read.1.tlog
C:\Users\kristianseng\Documents\Visual Studio 2012\Projects\PIDLander\PIDLander\Debug\link.5372-cvtres.write.1.tlog
C:\Users\kristianseng\Documents\Visual Studio 2012\Projects\PIDLander\PIDLander\Debug\link.5372-rc.read.1.tlog
C:\Users\kristianseng\Documents\Visual Studio 2012\Projects\PIDLander\PIDLander\Debug\link.5372-rc.write.1.tlog
C:\Users\kristianseng\Documents\Visual Studio 2012\Projects\PIDLander\PIDLander\Debug\link.5372.read.1.tlog
C:\Users\kristianseng\Documents\Visual Studio 2012\Projects\PIDLander\PIDLander\Debug\link.5372.write.1.tlog
C:\Users\kristianseng\Documents\Visual Studio 2012\Projects\PIDLander\PIDLander\Debug\link.5388-cvtres.read.1.tlog
C:\Users\kristianseng\Documents\Visual Studio 2012\Projects\PIDLander\PIDLander\Debug\link.5388-cvtres.write.1.tlog
C:\Users\kristianseng\Documents\Visual Studio 2012\Projects\PIDLander\PIDLander\Debug\link.5388-rc.read.1.tlog
C:\Users\kristianseng\Documents\Visual Studio 2012\Projects\PIDLander\PIDLander\Debug\link.5388-rc.write.1.tlog
C:\Users\kristianseng\Documents\Visual Studio 2012\Projects\PIDLander\PIDLander\Debug\link.5388.read.1.tlog
C:\Users\kristianseng\Documents\Visual Studio 2012\Projects\PIDLander\PIDLander\Debug\link.5388.write.1.tlog
C:\Users\kristianseng\Documents\Visual Studio 2012\Projects\PIDLander\PIDLander\Debug\link.5408-cvtres.read.1.tlog
C:\Users\kristianseng\Documents\Visual Studio 2012\Projects\PIDLander\PIDLander\Debug\link.5408-cvtres.write.1.tlog
C:\Users\kristianseng\Documents\Visual Studio 2012\Projects\PIDLander\PIDLander\Debug\link.5408-rc.read.1.tlog
C:\Users\kristianseng\Documents\Visual Studio 2012\Projects\PIDLander\PIDLander\Debug\link.5408-rc.write.1.tlog
C:\Users\kristianseng\Documents\Visual Studio 2012\Projects\PIDLander\PIDLander\Debug\link.5408.read.1.tlog
C:\Users\kristianseng\Documents\Visual Studio 2012\Projects\PIDLander\PIDLander\Debug\link.5408.write.1.tlog
C:\Users\kristianseng\Documents\Visual Studio 2012\Projects\PIDLander\PIDLander\Debug\link.5416-cvtres.read.1.tlog
C:\Users\kristianseng\Documents\Visual Studio 2012\Projects\PIDLander\PIDLander\Debug\link.5416-cvtres.write.1.tlog
C:\Users\kristianseng\Documents\Visual Studio 2012\Projects\PIDLander\PIDLander\Debug\link.5416-rc.read.1.tlog
C:\Users\kristianseng\Documents\Visual Studio 2012\Projects\PIDLander\PIDLander\Debug\link.5416-rc.write.1.tlog
C:\Users\kristianseng\Documents\Visual Studio 2012\Projects\PIDLander\PIDLander\Debug\link.5416.read.1.tlog
C:\Users\kristianseng\Documents\Visual Studio 2012\Projects\PIDLander\PIDLander\Debug\link.5416.write.1.tlog
C:\Users\kristianseng\Documents\Visual Studio 2012\Projects\PIDLander\PIDLander\Debug\link.5484-cvtres.read.1.tlog
C:\Users\kristianseng\Documents\Visual Studio 2012\Projects\PIDLander\PIDLander\Debug\link.5484-cvtres.write.1.tlog
C:\Users\kristianseng\Documents\Visual Studio 2012\Projects\PIDLander\PIDLander\Debug\link.5484-rc.read.1.tlog
C:\Users\kristianseng\Documents\Visual Studio 2012\Projects\PIDLander\PIDLander\Debug\link.5484-rc.write.1.tlog
C:\Users\kristianseng\Documents\Visual Studio 2012\Projects\PIDLander\PIDLander\Debug\link.5484.read.1.tlog
C:\Users\kristianseng\Documents\Visual Studio 2012\Projects\PIDLander\PIDLander\Debug\link.5484.write.1.tlog
C:\Users\kristianseng\Documents\Visual Studio 2012\Projects\PIDLander\PIDLander\Debug\link.5492-cvtres.read.1.tlog
C:\Users\kristianseng\Documents\Visual Studio 2012\Projects\PIDLander\PIDLander\Debug\link.5492-cvtres.write.1.tlog
C:\Users\kristianseng\Documents\Visual Studio 2012\Projects\PIDLander\PIDLander\Debug\link.5492-rc.read.1.tlog
C:\Users\kristianseng\Documents\Visual Studio 2012\Projects\PIDLander\PIDLander\Debug\link.5492-rc.write.1.tlog
C:\Users\kristianseng\Documents\Visual Studio 2012\Projects\PIDLander\PIDLander\Debug\link.5492.read.1.tlog
C:\Users\kristianseng\Documents\Visual Studio 2012\Projects\PIDLander\PIDLander\Debug\link.5492.write.1.tlog
C:\Users\kristianseng\Documents\Visual Studio 2012\Projects\PIDLander\PIDLander\Debug\link.5496-cvtres.read.1.tlog
C:\Users\kristianseng\Documents\Visual Studio 2012\Projects\PIDLander\PIDLander\Debug\link.5496-cvtres.write.1.tlog
C:\Users\kristianseng\Documents\Visual Studio 2012\Projects\PIDLander\PIDLander\Debug\link.5496-rc.read.1.tlog
C:\Users\kristianseng\Documents\Visual Studio 2012\Projects\PIDLander\PIDLander\Debug\link.5496-rc.write.1.tlog
C:\Users\kristianseng\Documents\Visual Studio 2012\Projects\PIDLander\PIDLander\Debug\link.5496.read.1.tlog
C:\Users\kristianseng\Documents\Visual Studio 2012\Projects\PIDLander\PIDLander\Debug\link.5496.write.1.tlog
C:\Users\kristianseng\Documents\Visual Studio 2012\Projects\PIDLander\PIDLander\Debug\link.5508-cvtres.read.1.tlog
C:\Users\kristianseng\Documents\Visual Studio 2012\Projects\PIDLander\PIDLander\Debug\link.5508-cvtres.write.1.tlog
C:\Users\kristianseng\Documents\Visual Studio 2012\Projects\PIDLander\PIDLander\Debug\link.5508-rc.read.1.tlog
C:\Users\kristianseng\Documents\Visual Studio 2012\Projects\PIDLander\PIDLander\Debug\link.5508-rc.write.1.tlog
C:\Users\kristianseng\Documents\Visual Studio 2012\Projects\PIDLander\PIDLander\Debug\link.5508.read.1.tlog
C:\Users\kristianseng\Documents\Visual Studio 2012\Projects\PIDLander\PIDLander\Debug\link.5508.write.1.tlog
C:\Users\kristianseng\Documents\Visual Studio 2012\Projects\PIDLander\PIDLander\Debug\link.5528-cvtres.read.1.tlog
C:\Users\kristianseng\Documents\Visual Studio 2012\Projects\PIDLander\PIDLander\Debug\link.5528-cvtres.write.1.tlog
C:\Users\kristianseng\Documents\Visual Studio 2012\Projects\PIDLander\PIDLander\Debug\link.5528-rc.read.1.tlog
C:\Users\kristianseng\Documents\Visual Studio 2012\Projects\PIDLander\PIDLander\Debug\link.5528-rc.write.1.tlog
C:\Users\kristianseng\Documents\Visual Studio 2012\Projects\PIDLander\PIDLander\Debug\link.5528.read.1.tlog
C:\Users\kristianseng\Documents\Visual Studio 2012\Projects\PIDLander\PIDLander\Debug\link.5528.write.1.tlog
C:\Users\kristianseng\Documents\Visual Studio 2012\Projects\PIDLander\PIDLander\Debug\link.5540-cvtres.read.1.tlog
C:\Users\kristianseng\Documents\Visual Studio 2012\Projects\PIDLander\PIDLander\Debug\link.5540-cvtres.write.1.tlog
C:\Users\kristianseng\Documents\Visual Studio 2012\Projects\PIDLander\PIDLander\Debug\link.5540-rc.read.1.tlog
C:\Users\kristianseng\Documents\Visual Studio 2012\Projects\PIDLander\PIDLander\Debug\link.5540-rc.write.1.tlog
C:\Users\kristianseng\Documents\Visual Studio 2012\Projects\PIDLander\PIDLander\Debug\link.5540.read.1.tlog
C:\Users\kristianseng\Documents\Visual Studio 2012\Projects\PIDLander\PIDLander\Debug\link.5540.write.1.tlog
C:\Users\kristianseng\Documents\Visual Studio 2012\Projects\PIDLander\PIDLander\Debug\link.5560-cvtres.read.1.tlog
C:\Users\kristianseng\Documents\Visual Studio 2012\Projects\PIDLander\PIDLander\Debug\link.5560-cvtres.write.1.tlog
C:\Users\kristianseng\Documents\Visual Studio 2012\Projects\PIDLander\PIDLander\Debug\link.5560-rc.read.1.tlog
C:\Users\kristianseng\Documents\Visual Studio 2012\Projects\PIDLander\PIDLander\Debug\link.5560-rc.write.1.tlog
C:\Users\kristianseng\Documents\Visual Studio 2012\Projects\PIDLander\PIDLander\Debug\link.5560.read.1.tlog
C:\Users\kristianseng\Documents\Visual Studio 2012\Projects\PIDLander\PIDLander\Debug\link.5560.write.1.tlog
C:\Users\kristianseng\Documents\Visual Studio 2012\Projects\PIDLander\PIDLander\Debug\link.5600-cvtres.read.1.tlog
C:\Users\kristianseng\Documents\Visual Studio 2012\Projects\PIDLander\PIDLander\Debug\link.5600-cvtres.write.1.tlog
C:\Users\kristianseng\Documents\Visual Studio 2012\Projects\PIDLander\PIDLander\Debug\link.5600-rc.read.1.tlog
C:\Users\kristianseng\Documents\Visual Studio 2012\Projects\PIDLander\PIDLander\Debug\link.5600-rc.write.1.tlog
C:\Users\kristianseng\Documents\Visual Studio 2012\Projects\PIDLander\PIDLander\Debug\link.5600.read.1.tlog
C:\Users\kristianseng\Documents\Visual Studio 2012\Projects\PIDLander\PIDLander\Debug\link.5600.write.1.tlog
C:\Users\kristianseng\Documents\Visual Studio 2012\Projects\PIDLander\PIDLander\Debug\link.5664-cvtres.read.1.tlog
C:\Users\kristianseng\Documents\Visual Studio 2012\Projects\PIDLander\PIDLander\Debug\link.5664-cvtres.write.1.tlog
C:\Users\kristianseng\Documents\Visual Studio 2012\Projects\PIDLander\PIDLander\Debug\link.5664-rc.read.1.tlog
C:\Users\kristianseng\Documents\Visual Studio 2012\Projects\PIDLander\PIDLander\Debug\link.5664-rc.write.1.tlog
C:\Users\kristianseng\Documents\Visual Studio 2012\Projects\PIDLander\PIDLander\Debug\link.5664.read.1.tlog
C:\Users\kristianseng\Documents\Visual Studio 2012\Projects\PIDLander\PIDLander\Debug\link.5664.write.1.tlog
C:\Users\kristianseng\Documents\Visual Studio 2012\Projects\PIDLander\PIDLander\Debug\link.5780-cvtres.read.1.tlog
C:\Users\kristianseng\Documents\Visual Studio 2012\Projects\PIDLander\PIDLander\Debug\link.5780-cvtres.write.1.tlog
C:\Users\kristianseng\Documents\Visual Studio 2012\Projects\PIDLander\PIDLander\Debug\link.5780-rc.read.1.tlog
C:\Users\kristianseng\Documents\Visual Studio 2012\Projects\PIDLander\PIDLander\Debug\link.5780-rc.write.1.tlog
C:\Users\kristianseng\Documents\Visual Studio 2012\Projects\PIDLander\PIDLander\Debug\link.5780.read.1.tlog
C:\Users\kristianseng\Documents\Visual Studio 2012\Projects\PIDLander\PIDLander\Debug\link.5780.write.1.tlog
C:\Users\kristianseng\Documents\Visual Studio 2012\Projects\PIDLander\PIDLander\Debug\link.5824-cvtres.read.1.tlog
C:\Users\kristianseng\Documents\Visual Studio 2012\Projects\PIDLander\PIDLander\Debug\link.5824-cvtres.write.1.tlog
C:\Users\kristianseng\Documents\Visual Studio 2012\Projects\PIDLander\PIDLander\Debug\link.5824-rc.read.1.tlog
C:\Users\kristianseng\Documents\Visual Studio 2012\Projects\PIDLander\PIDLander\Debug\link.5824-rc.write.1.tlog
C:\Users\kristianseng\Documents\Visual Studio 2012\Projects\PIDLander\PIDLander\Debug\link.5824.read.1.tlog
C:\Users\kristianseng\Documents\Visual Studio 2012\Projects\PIDLander\PIDLander\Debug\link.5824.write.1.tlog
C:\Users\kristianseng\Documents\Visual Studio 2012\Projects\PIDLander\PIDLander\Debug\link.5828-cvtres.read.1.tlog
C:\Users\kristianseng\Documents\Visual Studio 2012\Projects\PIDLander\PIDLander\Debug\link.5828-cvtres.write.1.tlog
C:\Users\kristianseng\Documents\Visual Studio 2012\Projects\PIDLander\PIDLander\Debug\link.5828-rc.read.1.tlog
C:\Users\kristianseng\Documents\Visual Studio 2012\Projects\PIDLander\PIDLander\Debug\link.5828-rc.write.1.tlog
C:\Users\kristianseng\Documents\Visual Studio 2012\Projects\PIDLander\PIDLander\Debug\link.5828.read.1.tlog
C:\Users\kristianseng\Documents\Visual Studio 2012\Projects\PIDLander\PIDLander\Debug\link.5828.write.1.tlog
C:\Users\kristianseng\Documents\Visual Studio 2012\Projects\PIDLander\PIDLander\Debug\link.5852-cvtres.read.1.tlog
C:\Users\kristianseng\Documents\Visual Studio 2012\Projects\PIDLander\PIDLander\Debug\link.5852-cvtres.write.1.tlog
C:\Users\kristianseng\Documents\Visual Studio 2012\Projects\PIDLander\PIDLander\Debug\link.5852-rc.read.1.tlog
C:\Users\kristianseng\Documents\Visual Studio 2012\Projects\PIDLander\PIDLander\Debug\link.5852-rc.write.1.tlog
C:\Users\kristianseng\Documents\Visual Studio 2012\Projects\PIDLander\PIDLander\Debug\link.5852.read.1.tlog
C:\Users\kristianseng\Documents\Visual Studio 2012\Projects\PIDLander\PIDLander\Debug\link.5852.write.1.tlog
C:\Users\kristianseng\Documents\Visual Studio 2012\Projects\PIDLander\PIDLander\Debug\link.5916-cvtres.read.1.tlog
C:\Users\kristianseng\Documents\Visual Studio 2012\Projects\PIDLander\PIDLander\Debug\link.5916-cvtres.write.1.tlog
C:\Users\kristianseng\Documents\Visual Studio 2012\Projects\PIDLander\PIDLander\Debug\link.5916-rc.read.1.tlog
C:\Users\kristianseng\Documents\Visual Studio 2012\Projects\PIDLander\PIDLander\Debug\link.5916-rc.write.1.tlog
C:\Users\kristianseng\Documents\Visual Studio 2012\Projects\PIDLander\PIDLander\Debug\link.5916.read.1.tlog
C:\Users\kristianseng\Documents\Visual Studio 2012\Projects\PIDLander\PIDLander\Debug\link.5916.write.1.tlog
C:\Users\kristianseng\Documents\Visual Studio 2012\Projects\PIDLander\PIDLander\Debug\link.5936-cvtres.read.1.tlog
C:\Users\kristianseng\Documents\Visual Studio 2012\Projects\PIDLander\PIDLander\Debug\link.5936-cvtres.write.1.tlog
C:\Users\kristianseng\Documents\Visual Studio 2012\Projects\PIDLander\PIDLander\Debug\link.5936-rc.read.1.tlog
C:\Users\kristianseng\Documents\Visual Studio 2012\Projects\PIDLander\PIDLander\Debug\link.5936-rc.write.1.tlog
C:\Users\kristianseng\Documents\Visual Studio 2012\Projects\PIDLander\PIDLander\Debug\link.5936.read.1.tlog
C:\Users\kristianseng\Documents\Visual Studio 2012\Projects\PIDLander\PIDLander\Debug\link.5936.write.1.tlog
C:\Users\kristianseng\Documents\Visual Studio 2012\Projects\PIDLander\PIDLander\Debug\link.5956-cvtres.read.1.tlog
C:\Users\kristianseng\Documents\Visual Studio 2012\Projects\PIDLander\PIDLander\Debug\link.5956-cvtres.write.1.tlog
C:\Users\kristianseng\Documents\Visual Studio 2012\Projects\PIDLander\PIDLander\Debug\link.5956-rc.read.1.tlog
C:\Users\kristianseng\Documents\Visual Studio 2012\Projects\PIDLander\PIDLander\Debug\link.5956-rc.write.1.tlog
C:\Users\kristianseng\Documents\Visual Studio 2012\Projects\PIDLander\PIDLander\Debug\link.5956.read.1.tlog
C:\Users\kristianseng\Documents\Visual Studio 2012\Projects\PIDLander\PIDLander\Debug\link.5956.write.1.tlog
C:\Users\kristianseng\Documents\Visual Studio 2012\Projects\PIDLander\PIDLander\Debug\link.5976-cvtres.read.1.tlog
C:\Users\kristianseng\Documents\Visual Studio 2012\Projects\PIDLander\PIDLander\Debug\link.5976-cvtres.write.1.tlog
C:\Users\kristianseng\Documents\Visual Studio 2012\Projects\PIDLander\PIDLander\Debug\link.5976-rc.read.1.tlog
C:\Users\kristianseng\Documents\Visual Studio 2012\Projects\PIDLander\PIDLander\Debug\link.5976-rc.write.1.tlog
C:\Users\kristianseng\Documents\Visual Studio 2012\Projects\PIDLander\PIDLander\Debug\link.5976.read.1.tlog
C:\Users\kristianseng\Documents\Visual Studio 2012\Projects\PIDLander\PIDLander\Debug\link.5976.write.1.tlog
C:\Users\kristianseng\Documents\Visual Studio 2012\Projects\PIDLander\PIDLander\Debug\link.5988-cvtres.read.1.tlog
C:\Users\kristianseng\Documents\Visual Studio 2012\Projects\PIDLander\PIDLander\Debug\link.5988-cvtres.write.1.tlog
C:\Users\kristianseng\Documents\Visual Studio 2012\Projects\PIDLander\PIDLander\Debug\link.5988-rc.read.1.tlog
C:\Users\kristianseng\Documents\Visual Studio 2012\Projects\PIDLander\PIDLander\Debug\link.5988-rc.write.1.tlog
C:\Users\kristianseng\Documents\Visual Studio 2012\Projects\PIDLander\PIDLander\Debug\link.5988.read.1.tlog
C:\Users\kristianseng\Documents\Visual Studio 2012\Projects\PIDLander\PIDLander\Debug\link.5988.write.1.tlog
C:\Users\kristianseng\Documents\Visual Studio 2012\Projects\PIDLander\PIDLander\Debug\link.6028-cvtres.read.1.tlog
C:\Users\kristianseng\Documents\Visual Studio 2012\Projects\PIDLander\PIDLander\Debug\link.6028-cvtres.write.1.tlog
C:\Users\kristianseng\Documents\Visual Studio 2012\Projects\PIDLander\PIDLander\Debug\link.6028-rc.read.1.tlog
C:\Users\kristianseng\Documents\Visual Studio 2012\Projects\PIDLander\PIDLander\Debug\link.6028-rc.write.1.tlog
C:\Users\kristianseng\Documents\Visual Studio 2012\Projects\PIDLander\PIDLander\Debug\link.6028.read.1.tlog
C:\Users\kristianseng\Documents\Visual Studio 2012\Projects\PIDLander\PIDLander\Debug\link.6028.write.1.tlog
C:\Users\kristianseng\Documents\Visual Studio 2012\Projects\PIDLander\PIDLander\Debug\link.6048-cvtres.read.1.tlog
C:\Users\kristianseng\Documents\Visual Studio 2012\Projects\PIDLander\PIDLander\Debug\link.6048-cvtres.write.1.tlog
C:\Users\kristianseng\Documents\Visual Studio 2012\Projects\PIDLander\PIDLander\Debug\link.6048-rc.read.1.tlog
C:\Users\kristianseng\Documents\Visual Studio 2012\Projects\PIDLander\PIDLander\Debug\link.6048-rc.write.1.tlog
C:\Users\kristianseng\Documents\Visual Studio 2012\Projects\PIDLander\PIDLander\Debug\link.6048.read.1.tlog
C:\Users\kristianseng\Documents\Visual Studio 2012\Projects\PIDLander\PIDLander\Debug\link.6048.write.1.tlog
C:\Users\kristianseng\Documents\Visual Studio 2012\Projects\PIDLander\PIDLander\Debug\link.6072-cvtres.read.1.tlog
C:\Users\kristianseng\Documents\Visual Studio 2012\Projects\PIDLander\PIDLander\Debug\link.6072-cvtres.write.1.tlog
C:\Users\kristianseng\Documents\Visual Studio 2012\Projects\PIDLander\PIDLander\Debug\link.6072-rc.read.1.tlog
C:\Users\kristianseng\Documents\Visual Studio 2012\Projects\PIDLander\PIDLander\Debug\link.6072-rc.write.1.tlog
C:\Users\kristianseng\Documents\Visual Studio 2012\Projects\PIDLander\PIDLander\Debug\link.6072.read.1.tlog
C:\Users\kristianseng\Documents\Visual Studio 2012\Projects\PIDLander\PIDLander\Debug\link.6072.write.1.tlog
C:\Users\kristianseng\Documents\Visual Studio 2012\Projects\PIDLander\PIDLander\Debug\link.6076-cvtres.read.1.tlog
C:\Users\kristianseng\Documents\Visual Studio 2012\Projects\PIDLander\PIDLander\Debug\link.6076-cvtres.write.1.tlog
C:\Users\kristianseng\Documents\Visual Studio 2012\Projects\PIDLander\PIDLander\Debug\link.6076-rc.read.1.tlog
C:\Users\kristianseng\Documents\Visual Studio 2012\Projects\PIDLander\PIDLander\Debug\link.6076-rc.write.1.tlog
C:\Users\kristianseng\Documents\Visual Studio 2012\Projects\PIDLander\PIDLander\Debug\link.6076.read.1.tlog
C:\Users\kristianseng\Documents\Visual Studio 2012\Projects\PIDLander\PIDLander\Debug\link.6076.write.1.tlog
C:\Users\kristianseng\Documents\Visual Studio 2012\Projects\PIDLander\PIDLander\Debug\link.6104-cvtres.read.1.tlog
C:\Users\kristianseng\Documents\Visual Studio 2012\Projects\PIDLander\PIDLander\Debug\link.6104-cvtres.write.1.tlog
C:\Users\kristianseng\Documents\Visual Studio 2012\Projects\PIDLander\PIDLander\Debug\link.6104-rc.read.1.tlog
C:\Users\kristianseng\Documents\Visual Studio 2012\Projects\PIDLander\PIDLander\Debug\link.6104-rc.write.1.tlog
C:\Users\kristianseng\Documents\Visual Studio 2012\Projects\PIDLander\PIDLander\Debug\link.6104.read.1.tlog
C:\Users\kristianseng\Documents\Visual Studio 2012\Projects\PIDLander\PIDLander\Debug\link.6104.write.1.tlog
C:\Users\kristianseng\Documents\Visual Studio 2012\Projects\PIDLander\PIDLander\Debug\link.6112-cvtres.read.1.tlog
C:\Users\kristianseng\Documents\Visual Studio 2012\Projects\PIDLander\PIDLander\Debug\link.6112-cvtres.write.1.tlog
C:\Users\kristianseng\Documents\Visual Studio 2012\Projects\PIDLander\PIDLander\Debug\link.6112-rc.read.1.tlog
C:\Users\kristianseng\Documents\Visual Studio 2012\Projects\PIDLander\PIDLander\Debug\link.6112-rc.write.1.tlog
C:\Users\kristianseng\Documents\Visual Studio 2012\Projects\PIDLander\PIDLander\Debug\link.6112.read.1.tlog
C:\Users\kristianseng\Documents\Visual Studio 2012\Projects\PIDLander\PIDLander\Debug\link.6112.write.1.tlog
C:\Users\kristianseng\Documents\Visual Studio 2012\Projects\PIDLander\PIDLander\Debug\link.6128-cvtres.read.1.tlog
C:\Users\kristianseng\Documents\Visual Studio 2012\Projects\PIDLander\PIDLander\Debug\link.6128-cvtres.write.1.tlog
C:\Users\kristianseng\Documents\Visual Studio 2012\Projects\PIDLander\PIDLander\Debug\link.6128-rc.read.1.tlog
C:\Users\kristianseng\Documents\Visual Studio 2012\Projects\PIDLander\PIDLander\Debug\link.6128-rc.write.1.tlog
C:\Users\kristianseng\Documents\Visual Studio 2012\Projects\PIDLander\PIDLander\Debug\link.6128.read.1.tlog
C:\Users\kristianseng\Documents\Visual Studio 2012\Projects\PIDLander\PIDLander\Debug\link.6128.write.1.tlog
C:\Users\kristianseng\Documents\Visual Studio 2012\Projects\PIDLander\PIDLander\Debug\link.6160-cvtres.read.1.tlog
C:\Users\kristianseng\Documents\Visual Studio 2012\Projects\PIDLander\PIDLander\Debug\link.6160-cvtres.write.1.tlog
C:\Users\kristianseng\Documents\Visual Studio 2012\Projects\PIDLander\PIDLander\Debug\link.6160-rc.read.1.tlog
C:\Users\kristianseng\Documents\Visual Studio 2012\Projects\PIDLander\PIDLander\Debug\link.6160-rc.write.1.tlog
C:\Users\kristianseng\Documents\Visual Studio 2012\Projects\PIDLander\PIDLander\Debug\link.6160.read.1.tlog
C:\Users\kristianseng\Documents\Visual Studio 2012\Projects\PIDLander\PIDLander\Debug\link.6160.write.1.tlog
C:\Users\kristianseng\Documents\Visual Studio 2012\Projects\PIDLander\PIDLander\Debug\link.6452-cvtres.read.1.tlog
C:\Users\kristianseng\Documents\Visual Studio 2012\Projects\PIDLander\PIDLander\Debug\link.6452-cvtres.write.1.tlog
C:\Users\kristianseng\Documents\Visual Studio 2012\Projects\PIDLander\PIDLander\Debug\link.6452-rc.read.1.tlog
C:\Users\kristianseng\Documents\Visual Studio 2012\Projects\PIDLander\PIDLander\Debug\link.6452-rc.write.1.tlog
C:\Users\kristianseng\Documents\Visual Studio 2012\Projects\PIDLander\PIDLander\Debug\link.6452.read.1.tlog
C:\Users\kristianseng\Documents\Visual Studio 2012\Projects\PIDLander\PIDLander\Debug\link.6452.write.1.tlog
C:\Users\kristianseng\Documents\Visual Studio 2012\Projects\PIDLander\PIDLander\Debug\link.6464-cvtres.read.1.tlog
C:\Users\kristianseng\Documents\Visual Studio 2012\Projects\PIDLander\PIDLander\Debug\link.6464-cvtres.write.1.tlog
C:\Users\kristianseng\Documents\Visual Studio 2012\Projects\PIDLander\PIDLander\Debug\link.6464-rc.read.1.tlog
C:\Users\kristianseng\Documents\Visual Studio 2012\Projects\PIDLander\PIDLander\Debug\link.6464-rc.write.1.tlog
C:\Users\kristianseng\Documents\Visual Studio 2012\Projects\PIDLander\PIDLander\Debug\link.6464.read.1.tlog
C:\Users\kristianseng\Documents\Visual Studio 2012\Projects\PIDLander\PIDLander\Debug\link.6464.write.1.tlog
C:\Users\kristianseng\Documents\Visual Studio 2012\Projects\PIDLander\PIDLander\Debug\link.648-cvtres.read.1.tlog
C:\Users\kristianseng\Documents\Visual Studio 2012\Projects\PIDLander\PIDLander\Debug\link.648-cvtres.write.1.tlog
C:\Users\kristianseng\Documents\Visual Studio 2012\Projects\PIDLander\PIDLander\Debug\link.648-rc.read.1.tlog
C:\Users\kristianseng\Documents\Visual Studio 2012\Projects\PIDLander\PIDLander\Debug\link.648-rc.write.1.tlog
C:\Users\kristianseng\Documents\Visual Studio 2012\Projects\PIDLander\PIDLander\Debug\link.648.read.1.tlog
C:\Users\kristianseng\Documents\Visual Studio 2012\Projects\PIDLander\PIDLander\Debug\link.648.write.1.tlog
C:\Users\kristianseng\Documents\Visual Studio 2012\Projects\PIDLander\PIDLander\Debug\link.6484-cvtres.read.1.tlog
C:\Users\kristianseng\Documents\Visual Studio 2012\Projects\PIDLander\PIDLander\Debug\link.6484-cvtres.write.1.tlog
C:\Users\kristianseng\Documents\Visual Studio 2012\Projects\PIDLander\PIDLander\Debug\link.6484-rc.read.1.tlog
C:\Users\kristianseng\Documents\Visual Studio 2012\Projects\PIDLander\PIDLander\Debug\link.6484-rc.write.1.tlog
C:\Users\kristianseng\Documents\Visual Studio 2012\Projects\PIDLander\PIDLander\Debug\link.6484.read.1.tlog
C:\Users\kristianseng\Documents\Visual Studio 2012\Projects\PIDLander\PIDLander\Debug\link.6484.write.1.tlog
C:\Users\kristianseng\Documents\Visual Studio 2012\Projects\PIDLander\PIDLander\Debug\link.6640-cvtres.read.1.tlog
C:\Users\kristianseng\Documents\Visual Studio 2012\Projects\PIDLander\PIDLander\Debug\link.6640-cvtres.write.1.tlog
C:\Users\kristianseng\Documents\Visual Studio 2012\Projects\PIDLander\PIDLander\Debug\link.6640-rc.read.1.tlog
C:\Users\kristianseng\Documents\Visual Studio 2012\Projects\PIDLander\PIDLander\Debug\link.6640-rc.write.1.tlog
C:\Users\kristianseng\Documents\Visual Studio 2012\Projects\PIDLander\PIDLander\Debug\link.6640.read.1.tlog
C:\Users\kristianseng\Documents\Visual Studio 2012\Projects\PIDLander\PIDLander\Debug\link.6640.write.1.tlog
C:\Users\kristianseng\Documents\Visual Studio 2012\Projects\PIDLander\PIDLander\Debug\link.6700-cvtres.read.1.tlog
C:\Users\kristianseng\Documents\Visual Studio 2012\Projects\PIDLander\PIDLander\Debug\link.6700-cvtres.write.1.tlog
C:\Users\kristianseng\Documents\Visual Studio 2012\Projects\PIDLander\PIDLander\Debug\link.6700-rc.read.1.tlog
C:\Users\kristianseng\Documents\Visual Studio 2012\Projects\PIDLander\PIDLander\Debug\link.6700-rc.write.1.tlog
C:\Users\kristianseng\Documents\Visual Studio 2012\Projects\PIDLander\PIDLander\Debug\link.6700.read.1.tlog
C:\Users\kristianseng\Documents\Visual Studio 2012\Projects\PIDLander\PIDLander\Debug\link.6700.write.1.tlog
C:\Users\kristianseng\Documents\Visual Studio 2012\Projects\PIDLander\PIDLander\Debug\link.6844-cvtres.read.1.tlog
C:\Users\kristianseng\Documents\Visual Studio 2012\Projects\PIDLander\PIDLander\Debug\link.6844-cvtres.write.1.tlog
C:\Users\kristianseng\Documents\Visual Studio 2012\Projects\PIDLander\PIDLander\Debug\link.6844-rc.read.1.tlog
C:\Users\kristianseng\Documents\Visual Studio 2012\Projects\PIDLander\PIDLander\Debug\link.6844-rc.write.1.tlog
C:\Users\kristianseng\Documents\Visual Studio 2012\Projects\PIDLander\PIDLander\Debug\link.6844.read.1.tlog
C:\Users\kristianseng\Documents\Visual Studio 2012\Projects\PIDLander\PIDLander\Debug\link.6844.write.1.tlog
C:\Users\kristianseng\Documents\Visual Studio 2012\Projects\PIDLander\PIDLander\Debug\link.6936-cvtres.read.1.tlog
C:\Users\kristianseng\Documents\Visual Studio 2012\Projects\PIDLander\PIDLander\Debug\link.6936-cvtres.write.1.tlog
C:\Users\kristianseng\Documents\Visual Studio 2012\Projects\PIDLander\PIDLander\Debug\link.6936-rc.read.1.tlog
C:\Users\kristianseng\Documents\Visual Studio 2012\Projects\PIDLander\PIDLander\Debug\link.6936-rc.write.1.tlog
C:\Users\kristianseng\Documents\Visual Studio 2012\Projects\PIDLander\PIDLander\Debug\link.6936.read.1.tlog
C:\Users\kristianseng\Documents\Visual Studio 2012\Projects\PIDLander\PIDLander\Debug\link.6936.write.1.tlog
C:\Users\kristianseng\Documents\Visual Studio 2012\Projects\PIDLander\PIDLander\Debug\link.7060-cvtres.read.1.tlog
C:\Users\kristianseng\Documents\Visual Studio 2012\Projects\PIDLander\PIDLander\Debug\link.7060-cvtres.write.1.tlog
C:\Users\kristianseng\Documents\Visual Studio 2012\Projects\PIDLander\PIDLander\Debug\link.7060-rc.read.1.tlog
C:\Users\kristianseng\Documents\Visual Studio 2012\Projects\PIDLander\PIDLander\Debug\link.7060-rc.write.1.tlog
C:\Users\kristianseng\Documents\Visual Studio 2012\Projects\PIDLander\PIDLander\Debug\link.7060.read.1.tlog
C:\Users\kristianseng\Documents\Visual Studio 2012\Projects\PIDLander\PIDLander\Debug\link.7060.write.1.tlog
C:\Users\kristianseng\Documents\Visual Studio 2012\Projects\PIDLander\PIDLander\Debug\link.792-cvtres.read.1.tlog
C:\Users\kristianseng\Documents\Visual Studio 2012\Projects\PIDLander\PIDLander\Debug\link.792-cvtres.write.1.tlog
C:\Users\kristianseng\Documents\Visual Studio 2012\Projects\PIDLander\PIDLander\Debug\link.792-rc.read.1.tlog
C:\Users\kristianseng\Documents\Visual Studio 2012\Projects\PIDLander\PIDLander\Debug\link.792-rc.write.1.tlog
C:\Users\kristianseng\Documents\Visual Studio 2012\Projects\PIDLander\PIDLander\Debug\link.792.read.1.tlog
C:\Users\kristianseng\Documents\Visual Studio 2012\Projects\PIDLander\PIDLander\Debug\link.792.write.1.tlog
C:\Users\kristianseng\Documents\Visual Studio 2012\Projects\PIDLander\PIDLander\Debug\link.868-cvtres.read.1.tlog
C:\Users\kristianseng\Documents\Visual Studio 2012\Projects\PIDLander\PIDLander\Debug\link.868-cvtres.write.1.tlog
C:\Users\kristianseng\Documents\Visual Studio 2012\Projects\PIDLander\PIDLander\Debug\link.868-rc.read.1.tlog
C:\Users\kristianseng\Documents\Visual Studio 2012\Projects\PIDLander\PIDLander\Debug\link.868-rc.write.1.tlog
C:\Users\kristianseng\Documents\Visual Studio 2012\Projects\PIDLander\PIDLander\Debug\link.868.read.1.tlog
C:\Users\kristianseng\Documents\Visual Studio 2012\Projects\PIDLander\PIDLander\Debug\link.868.write.1.tlog
C:\Users\kristianseng\Documents\Visual Studio 2012\Projects\PIDLander\PIDLander\Debug\link.876-cvtres.read.1.tlog
C:\Users\kristianseng\Documents\Visual Studio 2012\Projects\PIDLander\PIDLander\Debug\link.876-cvtres.write.1.tlog
C:\Users\kristianseng\Documents\Visual Studio 2012\Projects\PIDLander\PIDLander\Debug\link.876-rc.read.1.tlog
C:\Users\kristianseng\Documents\Visual Studio 2012\Projects\PIDLander\PIDLander\Debug\link.876-rc.write.1.tlog
C:\Users\kristianseng\Documents\Visual Studio 2012\Projects\PIDLander\PIDLander\Debug\link.876.read.1.tlog
C:\Users\kristianseng\Documents\Visual Studio 2012\Projects\PIDLander\PIDLander\Debug\link.876.write.1.tlog
C:\Users\kristianseng\Documents\Visual Studio 2012\Projects\PIDLander\PIDLander\Debug\link.924-cvtres.read.1.tlog
C:\Users\kristianseng\Documents\Visual Studio 2012\Projects\PIDLander\PIDLander\Debug\link.924-cvtres.write.1.tlog
C:\Users\kristianseng\Documents\Visual Studio 2012\Projects\PIDLander\PIDLander\Debug\link.924-rc.read.1.tlog
C:\Users\kristianseng\Documents\Visual Studio 2012\Projects\PIDLander\PIDLander\Debug\link.924-rc.write.1.tlog
C:\Users\kristianseng\Documents\Visual Studio 2012\Projects\PIDLander\PIDLander\Debug\link.924.read.1.tlog
C:\Users\kristianseng\Documents\Visual Studio 2012\Projects\PIDLander\PIDLander\Debug\link.924.write.1.tlog
C:\Users\kristianseng\Documents\Visual Studio 2012\Projects\PIDLander\PIDLander\Debug\link.932-cvtres.read.1.tlog
C:\Users\kristianseng\Documents\Visual Studio 2012\Projects\PIDLander\PIDLander\Debug\link.932-cvtres.write.1.tlog
C:\Users\kristianseng\Documents\Visual Studio 2012\Projects\PIDLander\PIDLander\Debug\link.932-rc.read.1.tlog
C:\Users\kristianseng\Documents\Visual Studio 2012\Projects\PIDLander\PIDLander\Debug\link.932-rc.write.1.tlog
C:\Users\kristianseng\Documents\Visual Studio 2012\Projects\PIDLander\PIDLander\Debug\link.932.read.1.tlog
C:\Users\kristianseng\Documents\Visual Studio 2012\Projects\PIDLander\PIDLander\Debug\link.932.write.1.tlog
C:\Users\kristianseng\Documents\Visual Studio 2012\Projects\PIDLander\PIDLander\Debug\link.command.1.tlog
C:\Users\kristianseng\Documents\Visual Studio 2012\Projects\PIDLander\PIDLander\Debug\link.read.1.tlog
C:\Users\kristianseng\Documents\Visual Studio 2012\Projects\PIDLander\PIDLander\Debug\link.write.1.tlog
C:\Users\kristianseng\Documents\Visual Studio 2012\Projects\PIDLander\PIDLander\Debug\vc110.idb
C:\Users\kristianseng\Documents\Visual Studio 2012\Projects\PIDLander\PIDLander\Debug\vc110.pdb
C:\Users\kristianseng\Documents\Visual Studio 2012\Projects\PIDLander\Debug\PIDLander.pdb
C:\Users\kristianseng\Documents\Visual Studio 2012\Projects\PIDLander\Debug\PIDLander.exe
C:\Users\kristianseng\Documents\Visual Studio 2012\Projects\PIDLander\Debug\PIDLander.ilk
